<?xml version="1.0" encoding="UTF-8"?>
<!-- Generated by org.testng.reporters.JUnitXMLReporter -->
<testsuite ignored="0" hostname="MAA-5CG1462XGR" failures="0" tests="5" name="Default test" time="5.629" errors="0" timestamp="2026-05-11T13:32:47 IST">
  <testcase classname="com.framework.tests.APIUserTest" name="getUser" time="1.381"/>
  <testcase classname="com.framework.tests.APIUserTest" name="postUser" time="0.608"/>
  <testcase classname="com.framework.tests.APIUserTest" name="putUser" time="0.028"/>
  <testcase classname="com.framework.tests.APIUserTest" name="deleteUser" time="0.032"/>
  <testcase classname="com.framework.tests.LoginTest" name="Login" time="0.829"/>
</testsuite> <!-- Default test -->
