<?xml version="1.0" encoding="UTF-8"?>
<!-- Generated by org.testng.reporters.JUnitXMLReporter -->
<testsuite ignored="0" hostname="MAA-5CG1462XGR" failures="0" tests="5" name="Default test" time="6.336" errors="0" timestamp="2026-05-11T14:38:09 IST">
  <testcase classname="com.framework.tests.APIUserTest" name="getUser" time="1.413"/>
  <testcase classname="com.framework.tests.APIUserTest" name="postUser" time="0.619"/>
  <testcase classname="com.framework.tests.APIUserTest" name="putUser" time="0.03"/>
  <testcase classname="com.framework.tests.APIUserTest" name="deleteUser" time="0.027"/>
  <testcase classname="com.framework.tests.LoginTest" name="Login" time="0.542"/>
</testsuite> <!-- Default test -->
