<?xml version="1.0" encoding="UTF-8"?>
<!-- Generated by org.testng.reporters.JUnitXMLReporter -->
<testsuite ignored="0" hostname="MAA-5CG1462XGR" failures="0" tests="4" name="API Tests" time="1.789" errors="0" timestamp="2026-05-11T14:38:27 IST">
  <testcase classname="com.framework.tests.APIUserTest" name="getUser" time="1.171"/>
  <testcase classname="com.framework.tests.APIUserTest" name="postUser" time="0.544"/>
  <testcase classname="com.framework.tests.APIUserTest" name="putUser" time="0.028"/>
  <testcase classname="com.framework.tests.APIUserTest" name="deleteUser" time="0.028"/>
</testsuite> <!-- API Tests -->
