<?xml version="1.0" encoding="UTF-8"?>
<!-- Generated by org.testng.reporters.JUnitXMLReporter -->
<testsuite ignored="0" hostname="MAA-5CG1462XGR" failures="0" tests="4" name="API Tests" time="2.005" errors="0" timestamp="2026-05-11T13:35:38 IST">
  <testcase classname="com.framework.tests.APIUserTest" name="getUser" time="1.332"/>
  <testcase classname="com.framework.tests.APIUserTest" name="postUser" time="0.598"/>
  <testcase classname="com.framework.tests.APIUserTest" name="putUser" time="0.033"/>
  <testcase classname="com.framework.tests.APIUserTest" name="deleteUser" time="0.027"/>
</testsuite> <!-- API Tests -->
