<?xml version="1.0" encoding="UTF-8"?>
<testng-results ignored="0" total="5" passed="5" failed="0" skipped="0">
  <reporter-output>
  </reporter-output>
  <suite started-at="2026-05-03T16:11:57 IST" name="Automation Suite" finished-at="2026-05-03T16:12:08 IST" duration-ms="11608">
    <groups>
    </groups>
    <test started-at="2026-05-03T16:11:57 IST" name="Login Tests" finished-at="2026-05-03T16:12:03 IST" duration-ms="6695">
      <class name="com.framework.tests.LoginTest">
        <test-method is-config="true" signature="setup()[pri:0, instance:com.framework.tests.LoginTest@531f4093]" started-at="2026-05-03T16:11:57 IST" name="setup" finished-at="2026-05-03T16:12:02 IST" duration-ms="5159" status="PASS">
          <reporter-output>
          </reporter-output>
        </test-method> <!-- setup -->
        <test-method signature="Login()[pri:0, instance:com.framework.tests.LoginTest@531f4093]" started-at="2026-05-03T16:12:02 IST" name="Login" finished-at="2026-05-03T16:12:03 IST" duration-ms="893" status="PASS">
          <reporter-output>
          </reporter-output>
        </test-method> <!-- Login -->
        <test-method is-config="true" signature="teardown()[pri:0, instance:com.framework.tests.LoginTest@531f4093]" started-at="2026-05-03T16:12:03 IST" name="teardown" finished-at="2026-05-03T16:12:03 IST" duration-ms="551" status="PASS">
          <reporter-output>
          </reporter-output>
        </test-method> <!-- teardown -->
      </class> <!-- com.framework.tests.LoginTest -->
    </test> <!-- Login Tests -->
    <test started-at="2026-05-03T16:12:04 IST" name="API Tests" finished-at="2026-05-03T16:12:08 IST" duration-ms="4403">
      <class name="com.framework.tests.APIUserTest">
        <test-method signature="getUser()[pri:0, instance:com.framework.tests.APIUserTest@3408f695]" started-at="2026-05-03T16:12:04 IST" name="getUser" finished-at="2026-05-03T16:12:07 IST" duration-ms="2763" status="PASS">
          <reporter-output>
          </reporter-output>
        </test-method> <!-- getUser -->
        <test-method signature="postUser()[pri:0, instance:com.framework.tests.APIUserTest@3408f695]" started-at="2026-05-03T16:12:07 IST" name="postUser" finished-at="2026-05-03T16:12:08 IST" duration-ms="1073" status="PASS">
          <reporter-output>
          </reporter-output>
        </test-method> <!-- postUser -->
        <test-method signature="putUser()[pri:0, instance:com.framework.tests.APIUserTest@3408f695]" started-at="2026-05-03T16:12:08 IST" name="putUser" finished-at="2026-05-03T16:12:08 IST" depends-on-methods="com.framework.tests.APIUserTest.postUser" duration-ms="224" status="PASS">
          <reporter-output>
          </reporter-output>
        </test-method> <!-- putUser -->
        <test-method signature="deleteUser()[pri:0, instance:com.framework.tests.APIUserTest@3408f695]" started-at="2026-05-03T16:12:08 IST" name="deleteUser" finished-at="2026-05-03T16:12:08 IST" depends-on-methods="com.framework.tests.APIUserTest.putUser" duration-ms="322" status="PASS">
          <reporter-output>
          </reporter-output>
        </test-method> <!-- deleteUser -->
      </class> <!-- com.framework.tests.APIUserTest -->
    </test> <!-- API Tests -->
  </suite> <!-- Automation Suite -->
</testng-results>
