<?xml version="1.0" encoding="UTF-8"?>
<testng-results ignored="0" total="5" passed="5" failed="0" skipped="0">
  <reporter-output>
  </reporter-output>
  <suite started-at="2026-05-11T14:38:21 IST" name="Automation Suite" finished-at="2026-05-11T14:38:27 IST" duration-ms="6007">
    <groups>
    </groups>
    <test started-at="2026-05-11T14:38:21 IST" name="Login Tests" finished-at="2026-05-11T14:38:25 IST" duration-ms="3909">
      <class name="com.framework.tests.LoginTest">
        <test-method is-config="true" signature="setup()[pri:0, instance:com.framework.tests.LoginTest@531f4093]" started-at="2026-05-11T14:38:21 IST" name="setup" finished-at="2026-05-11T14:38:24 IST" duration-ms="2969" status="PASS">
          <reporter-output>
          </reporter-output>
        </test-method> <!-- setup -->
        <test-method signature="Login()[pri:0, instance:com.framework.tests.LoginTest@531f4093]" started-at="2026-05-11T14:38:24 IST" name="Login" finished-at="2026-05-11T14:38:25 IST" duration-ms="591" status="PASS">
          <reporter-output>
          </reporter-output>
        </test-method> <!-- Login -->
        <test-method is-config="true" signature="teardown()[pri:0, instance:com.framework.tests.LoginTest@531f4093]" started-at="2026-05-11T14:38:25 IST" name="teardown" finished-at="2026-05-11T14:38:25 IST" duration-ms="304" status="PASS">
          <reporter-output>
          </reporter-output>
        </test-method> <!-- teardown -->
      </class> <!-- com.framework.tests.LoginTest -->
    </test> <!-- Login Tests -->
    <test started-at="2026-05-11T14:38:26 IST" name="API Tests" finished-at="2026-05-11T14:38:27 IST" duration-ms="1789">
      <class name="com.framework.tests.APIUserTest">
        <test-method signature="getUser()[pri:0, instance:com.framework.tests.APIUserTest@3408f695]" started-at="2026-05-11T14:38:26 IST" name="getUser" finished-at="2026-05-11T14:38:27 IST" duration-ms="1171" status="PASS">
          <reporter-output>
          </reporter-output>
        </test-method> <!-- getUser -->
        <test-method signature="postUser()[pri:0, instance:com.framework.tests.APIUserTest@3408f695]" started-at="2026-05-11T14:38:27 IST" name="postUser" finished-at="2026-05-11T14:38:27 IST" duration-ms="544" status="PASS">
          <reporter-output>
          </reporter-output>
        </test-method> <!-- postUser -->
        <test-method signature="putUser()[pri:0, instance:com.framework.tests.APIUserTest@3408f695]" started-at="2026-05-11T14:38:27 IST" name="putUser" finished-at="2026-05-11T14:38:27 IST" depends-on-methods="com.framework.tests.APIUserTest.postUser" duration-ms="28" status="PASS">
          <reporter-output>
          </reporter-output>
        </test-method> <!-- putUser -->
        <test-method signature="deleteUser()[pri:0, instance:com.framework.tests.APIUserTest@3408f695]" started-at="2026-05-11T14:38:27 IST" name="deleteUser" finished-at="2026-05-11T14:38:27 IST" depends-on-methods="com.framework.tests.APIUserTest.putUser" duration-ms="28" status="PASS">
          <reporter-output>
          </reporter-output>
        </test-method> <!-- deleteUser -->
      </class> <!-- com.framework.tests.APIUserTest -->
    </test> <!-- API Tests -->
  </suite> <!-- Automation Suite -->
</testng-results>
