<?xml version="1.0" encoding="UTF-8"?>
<!-- Generated by org.testng.reporters.JUnitReportReporter -->
<testsuite hostname="MAA-5CG1462XGR" failures="0" tests="4" name="com.framework.tests.APIUserTest" time="1.771" errors="0" timestamp="2026-05-11T14:38:28 IST" skipped="0">
  <testcase classname="com.framework.tests.APIUserTest" name="postUser" time="0.544"/>
  <testcase classname="com.framework.tests.APIUserTest" name="getUser" time="1.171"/>
  <testcase classname="com.framework.tests.APIUserTest" name="putUser" time="0.028"/>
  <testcase classname="com.framework.tests.APIUserTest" name="deleteUser" time="0.028"/>
</testsuite> <!-- com.framework.tests.APIUserTest -->
