<?xml version="1.0" encoding="UTF-8"?>
<!-- Generated by org.testng.reporters.JUnitReportReporter -->
<testsuite hostname="MAA-5CG1462XGR" failures="0" tests="4" name="com.framework.tests.APIUserTest" time="4.382" errors="0" timestamp="2026-05-03T16:12:09 IST" skipped="0">
  <testcase classname="com.framework.tests.APIUserTest" name="deleteUser" time="0.322"/>
  <testcase classname="com.framework.tests.APIUserTest" name="putUser" time="0.224"/>
  <testcase classname="com.framework.tests.APIUserTest" name="getUser" time="2.763"/>
  <testcase classname="com.framework.tests.APIUserTest" name="postUser" time="1.073"/>
</testsuite> <!-- com.framework.tests.APIUserTest -->
